* using log directory 'C:/Users/Dennis Assenmacher/Documents/MOCK-PESA-II/MOCK.Rcheck'
* using R version 3.1.2 (2014-10-31)
* using platform: x86_64-w64-mingw32 (64-bit)
* using session charset: ISO8859-1
* checking for file 'MOCK/DESCRIPTION' ... OK
* checking extension type ... Package
* this is package 'MOCK' version '1.0'
* checking package namespace information ... OK
* checking package dependencies ... OK
* checking if this is a source package ... OK
* checking if there is a namespace ... OK
* checking for executable files ... OK
* checking for hidden files and directories ... OK
* checking for portable file names ... OK
* checking whether package 'MOCK' can be installed ... OK
* checking installed package size ... OK
* checking package directory ... OK
* checking DESCRIPTION meta-information ... NOTE
Packages listed in more than one of Depends, Imports, Suggests, Enhances:
  'ggplot2' 'ggthemes'
A package should be listed in only one of these fields.
* checking top-level files ... NOTE
Non-standard file/directory found at top level:
  'Comparison2.pdf'
* checking for left-over files ... OK
* checking index information ... OK
* checking package subdirectories ... OK
* checking R files for non-ASCII characters ... OK
* checking R files for syntax errors ... OK
* loading checks for arch 'i386'
** checking whether the package can be loaded ... OK
** checking whether the package can be loaded with stated dependencies ... OK
** checking whether the package can be unloaded cleanly ... OK
** checking whether the namespace can be loaded with stated dependencies ... OK
** checking whether the namespace can be unloaded cleanly ... OK
** checking loading without being on the library search path ... OK
* loading checks for arch 'x64'
** checking whether the package can be loaded ... OK
** checking whether the package can be loaded with stated dependencies ... OK
** checking whether the package can be unloaded cleanly ... OK
** checking whether the namespace can be loaded with stated dependencies ... OK
** checking whether the namespace can be unloaded cleanly ... OK
** checking loading without being on the library search path ... OK
* checking dependencies in R code ... NOTE
Namespace in Imports field not imported from: 'ggthemes'
  All declared Imports should be used.
Package in Depends field not imported from: 'ggthemes'
  These packages need to be imported from (in the NAMESPACE file)
  for when this namespace is loaded but not attached.
See the information on DESCRIPTION files in the chapter 'Creating R
packages' of the 'Writing R Extensions' manual.
* checking S3 generic/method consistency ... OK
* checking replacement functions ... OK
* checking foreign function calls ... OK
* checking R code for possible problems ... NOTE
calculateInterestingnessC: no visible global function definition for
  'interestingnessC'
mock: no visible global function definition for 'PESAII'
printAttainmentScore: no visible global function definition for 'labs'
printAttainmentScore: no visible global function definition for
  'theme_tufte'
printAttainmentScore: no visible global function definition for 'theme'
printAttainmentScore: no visible global function definition for
  'element_rect'
printAttainmentScore: no visible global function definition for 'xlab'
printAttainmentScore: no visible global function definition for 'ylab'
printAttainmentScore: no visible global function definition for
  'geom_point'
printAttainmentScore: no visible global function definition for 'aes'
printAttainmentScore: no visible binding for global variable 'cluster'
printAttainmentScore: no visible binding for global variable 'score'
printAttainmentScore: no visible binding for global variable 'V1'
printAttainmentScore: no visible binding for global variable 'V2'
printAttainmentScore: no visible global function definition for
  'geom_text'
printAttainmentScore: no visible binding for global variable 'V3'
printClusterSolution : <anonymous>: no visible global function
  definition for 'theme_bw'
printClusterSolution : <anonymous>: no visible global function
  definition for 'theme'
printClusterSolution : <anonymous>: no visible global function
  definition for 'element_rect'
printClusterSolution : <anonymous>: no visible global function
  definition for 'geom_point'
printClusterSolution : <anonymous>: no visible global function
  definition for 'aes'
printClusterSolution : <anonymous>: no visible binding for global
  variable 'V1'
printClusterSolution : <anonymous>: no visible binding for global
  variable 'V2'
printClusterSolution : <anonymous>: no visible binding for global
  variable 'cluster'
printClusterSolution : <anonymous>: no visible global function
  definition for 'scale_colour_manual'
printClusterSolution : <anonymous>: no visible global function
  definition for 'guides'
printClusterSolution : <anonymous>: no visible global function
  definition for 'xlab'
printClusterSolution : <anonymous>: no visible global function
  definition for 'ylab'
printClusterSolution : <anonymous>: no visible global function
  definition for 'ggtitle'
printMockRAndMocktoolFronts: no visible global function definition for
  'labs'
printMockRAndMocktoolFronts: no visible global function definition for
  'theme_tufte'
printMockRAndMocktoolFronts: no visible global function definition for
  'theme'
printMockRAndMocktoolFronts: no visible global function definition for
  'element_rect'
printMockRAndMocktoolFronts: no visible global function definition for
  'xlab'
printMockRAndMocktoolFronts: no visible global function definition for
  'ylab'
printMockRAndMocktoolFronts: no visible global function definition for
  'scale_x_continuous'
printMockRAndMocktoolFronts: no visible global function definition for
  'scale_y_continuous'
printMockRAndMocktoolFronts: no visible global function definition for
  'geom_step'
printMockRAndMocktoolFronts: no visible global function definition for
  'aes'
printMockRAndMocktoolFronts: no visible binding for global variable
  'V2'
printMockRAndMocktoolFronts: no visible binding for global variable
  'V1'
printMockRAndMocktoolFronts: no visible binding for global variable
  'method'
printMockRAndMocktoolFronts: no visible global function definition for
  'geom_point'
printMockRAndMocktoolFronts: no visible global function definition for
  'scale_colour_manual'
printMultipleParetoFronts: no visible global function definition for
  'labs'
printMultipleParetoFronts: no visible global function definition for
  'theme_tufte'
printMultipleParetoFronts: no visible global function definition for
  'theme'
printMultipleParetoFronts: no visible global function definition for
  'element_rect'
printMultipleParetoFronts: no visible global function definition for
  'xlab'
printMultipleParetoFronts: no visible global function definition for
  'ylab'
printMultipleParetoFronts: no visible global function definition for
  'scale_x_continuous'
printMultipleParetoFronts: no visible global function definition for
  'scale_y_continuous'
printMultipleParetoFronts: no visible global function definition for
  'geom_step'
printMultipleParetoFronts: no visible global function definition for
  'aes'
printMultipleParetoFronts: no visible binding for global variable 'V2'
printMultipleParetoFronts: no visible binding for global variable 'V1'
printMultipleParetoFronts: no visible binding for global variable
  'method'
printMultipleParetoFronts: no visible global function definition for
  'geom_point'
printMultipleParetoFronts: no visible global function definition for
  'scale_colour_manual'
printParetoFront: no visible global function definition for 'labs'
printParetoFront: no visible global function definition for
  'theme_tufte'
printParetoFront: no visible global function definition for 'theme'
printParetoFront: no visible global function definition for
  'element_rect'
printParetoFront: no visible global function definition for 'xlab'
printParetoFront: no visible global function definition for 'ylab'
printParetoFront: no visible global function definition for
  'scale_x_continuous'
printParetoFront: no visible global function definition for
  'scale_y_continuous'
printParetoFront: no visible global function definition for 'geom_step'
printParetoFront: no visible global function definition for 'aes'
printParetoFront: no visible binding for global variable 'V2'
printParetoFront: no visible binding for global variable 'V1'
printParetoFront: no visible global function definition for 'geom_text'
printParetoFront: no visible binding for global variable 'label'
printParetoFront: no visible global function definition for
  'geom_point'
printParetoFront: no visible global function definition for
  'scale_colour_manual'
printParetoFront: no visible global function definition for
  'scale_shape_manual'
* checking Rd files ... WARNING
prepare_Rd: MOCK-package.Rd:30: All text must be in a section
prepare_Rd: MOCK-package.Rd:31: All text must be in a section
prepare_Rd: MOCK-package.Rd:37-39: Dropping empty section \examples
* checking Rd metadata ... WARNING
Rd files with duplicated alias 'MOCK':
  'MOCK-package.Rd' 'MOCK.Rd'
Rd files with duplicated alias 'MOCK-package':
  'MOCK-package.Rd' 'MOCK.Rd'
* checking Rd line widths ... NOTE
Rd file 'mockFunctionC.Rd':
  \examples lines wider than 100 characters:
     lNN = matrix(c(2,1,2,3,4,7,8,9,10,9,3,3,4,5,6,5,6,7,8,8),ncol=2) #nearest neighbors of data, see \code{nn2} in RANN package

These lines will be truncated in the PDF manual.
* checking Rd cross-references ... WARNING
Unknown package '<pkg>' in Rd xrefs
* checking for missing documentation entries ... WARNING
Undocumented code objects:
  'assignmentToClusterList' 'calculateScores' 'createControlFronts'
  'crossoverMock' 'dominatesCM' 'evalKmeans' 'fastNonDominatedC'
  'filterAndNormalizeFront' 'initializeMST' 'mock' 'mockFunction'
  'mutateMock' 'normalizeParetoFront' 'printAttainmentScore'
  'printMockRAndMocktoolFronts' 'printMultipleParetoFronts'
  'tournamentSelectionC'
Undocumented data sets:
  'R15' 'a1' 'bridge' 'flame' 'pathbased' 'spiral'
All user-level objects in a package should have documentation entries.
See the chapter 'Writing R documentation files' in the 'Writing R
Extensions' manual.
* checking for code/documentation mismatches ... WARNING
Functions or methods with usage in documentation object 'rcpp_hello_world' but not in code:
  rcpp_hello_world

* checking Rd \usage sections ... WARNING
Undocumented arguments in documentation object 'NSGA2MOCK'
  'population'
Documented arguments not in \usage in documentation object 'NSGA2MOCK':
  'initialPopulation'

Undocumented arguments in documentation object 'getNeighborhoodMutationMatrixC'
  'nearestNeighbors'
Documented arguments not in \usage in documentation object 'getNeighborhoodMutationMatrixC':
  'x' 'v'

Undocumented arguments in documentation object 'mutateC'
  'sol' 'nn' 'neighborhood' 'randomVectorMutation'
  'randomVectorNeighborSelection'
Documented arguments not in \usage in documentation object 'mutateC':
  'sol:' 'nn:' 'neighborhood:' 'randomVectorMutation:'
  'randomVectorNeighborSelection:'

Undocumented arguments in documentation object 'printClusterSolution'
  'solution' 'columns'
Documented arguments not in \usage in documentation object 'printClusterSolution':
  'sol'

Undocumented arguments in documentation object 'printParetoFront'
  'sol' 'method' 'maxClusters' 'labelType' 'gridIntervals' 'dataset'
  'markBestsolutions'
Documented arguments not in \usage in documentation object 'printParetoFront':
  'ep'

Functions with \usage entries need to have the appropriate \alias
entries, and all their arguments documented.
The \usage entries must correspond to syntactically valid R code.
See the chapter 'Writing R documentation files' in the 'Writing R
Extensions' manual.
* checking Rd contents ... OK
* checking for unstated dependencies in examples ... OK
* checking contents of 'data' directory ... WARNING
Files not of a type allowed in a 'data' directory:
  'MOCKDATA' 'long1.data' 'sizes5.data' 'spiral.data' 'square1.data'
Please use e.g. 'inst/extdata' for non-R data files
* checking data for non-ASCII characters ... OK
* checking data for ASCII and uncompressed saves ... OK
* checking line endings in C/C++/Fortran sources/headers ... OK
* checking line endings in Makefiles ... OK
* checking for portable use of $(BLAS_LIBS) and $(LAPACK_LIBS) ... OK
* checking compiled code ... OK
* checking examples ...
** running examples for arch 'i386' ... OK
** running examples for arch 'x64' ... OK
* checking PDF version of manual ... OK
* DONE
WARNING: There were 7 warnings.
NOTE: There were 5 notes.
