* installing *source* package 'MOCK' ...
** libs

*** arch - i386
g++ -m32 -I"C:/PROGRA~1/R/R-31~1.2/include" -DNDEBUG    -I"C:/Users/Dennis Assenmacher/Documents/R/win-library/3.1/Rcpp/include" -I"d:/RCompile/CRANpkg/extralibs64/local/include"     -O2 -Wall  -mtune=core2 -c RcppExports.cpp -o RcppExports.o
g++ -m32 -I"C:/PROGRA~1/R/R-31~1.2/include" -DNDEBUG    -I"C:/Users/Dennis Assenmacher/Documents/R/win-library/3.1/Rcpp/include" -I"d:/RCompile/CRANpkg/extralibs64/local/include"     -O2 -Wall  -mtune=core2 -c binSearch.cpp -o binSearch.o
g++ -m32 -I"C:/PROGRA~1/R/R-31~1.2/include" -DNDEBUG    -I"C:/Users/Dennis Assenmacher/Documents/R/win-library/3.1/Rcpp/include" -I"d:/RCompile/CRANpkg/extralibs64/local/include"     -O2 -Wall  -mtune=core2 -c connectivity.cpp -o connectivity.o
g++ -m32 -I"C:/PROGRA~1/R/R-31~1.2/include" -DNDEBUG    -I"C:/Users/Dennis Assenmacher/Documents/R/win-library/3.1/Rcpp/include" -I"d:/RCompile/CRANpkg/extralibs64/local/include"     -O2 -Wall  -mtune=core2 -c crossover.cpp -o crossover.o
g++ -m32 -I"C:/PROGRA~1/R/R-31~1.2/include" -DNDEBUG    -I"C:/Users/Dennis Assenmacher/Documents/R/win-library/3.1/Rcpp/include" -I"d:/RCompile/CRANpkg/extralibs64/local/include"     -O2 -Wall  -mtune=core2 -c decode.cpp -o decode.o
g++ -m32 -I"C:/PROGRA~1/R/R-31~1.2/include" -DNDEBUG    -I"C:/Users/Dennis Assenmacher/Documents/R/win-library/3.1/Rcpp/include" -I"d:/RCompile/CRANpkg/extralibs64/local/include"     -O2 -Wall  -mtune=core2 -c deviation.cpp -o deviation.o
g++ -m32 -I"C:/PROGRA~1/R/R-31~1.2/include" -DNDEBUG    -I"C:/Users/Dennis Assenmacher/Documents/R/win-library/3.1/Rcpp/include" -I"d:/RCompile/CRANpkg/extralibs64/local/include"     -O2 -Wall  -mtune=core2 -c dominates.cpp -o dominates.o
g++ -m32 -I"C:/PROGRA~1/R/R-31~1.2/include" -DNDEBUG    -I"C:/Users/Dennis Assenmacher/Documents/R/win-library/3.1/Rcpp/include" -I"d:/RCompile/CRANpkg/extralibs64/local/include"     -O2 -Wall  -mtune=core2 -c euclideanDistance.cpp -o euclideanDistance.o
g++ -m32 -I"C:/PROGRA~1/R/R-31~1.2/include" -DNDEBUG    -I"C:/Users/Dennis Assenmacher/Documents/R/win-library/3.1/Rcpp/include" -I"d:/RCompile/CRANpkg/extralibs64/local/include"     -O2 -Wall  -mtune=core2 -c fastNonDominatedSortingC.cpp -o fastNonDominatedSortingC.o
g++ -m32 -I"C:/PROGRA~1/R/R-31~1.2/include" -DNDEBUG    -I"C:/Users/Dennis Assenmacher/Documents/R/win-library/3.1/Rcpp/include" -I"d:/RCompile/CRANpkg/extralibs64/local/include"     -O2 -Wall  -mtune=core2 -c initialization.cpp -o initialization.o
g++ -m32 -I"C:/PROGRA~1/R/R-31~1.2/include" -DNDEBUG    -I"C:/Users/Dennis Assenmacher/Documents/R/win-library/3.1/Rcpp/include" -I"d:/RCompile/CRANpkg/extralibs64/local/include"     -O2 -Wall  -mtune=core2 -c mockFunctionC.cpp -o mockFunctionC.o
g++ -m32 -I"C:/PROGRA~1/R/R-31~1.2/include" -DNDEBUG    -I"C:/Users/Dennis Assenmacher/Documents/R/win-library/3.1/Rcpp/include" -I"d:/RCompile/CRANpkg/extralibs64/local/include"     -O2 -Wall  -mtune=core2 -c mutate.cpp -o mutate.o
g++ -m32 -I"C:/PROGRA~1/R/R-31~1.2/include" -DNDEBUG    -I"C:/Users/Dennis Assenmacher/Documents/R/win-library/3.1/Rcpp/include" -I"d:/RCompile/CRANpkg/extralibs64/local/include"     -O2 -Wall  -mtune=core2 -c tournamentSelection.cpp -o tournamentSelection.o
tournamentSelection.cpp: In function 'Rcpp::IntegerMatrix tournamentSelectionC(Rcpp::IntegerMatrix, int, Rcpp::IntegerMatrix, Rcpp::Function)':
tournamentSelection.cpp:33:7: warning: unused variable 'popSize' [-Wunused-variable]
g++ -m32 -I"C:/PROGRA~1/R/R-31~1.2/include" -DNDEBUG    -I"C:/Users/Dennis Assenmacher/Documents/R/win-library/3.1/Rcpp/include" -I"d:/RCompile/CRANpkg/extralibs64/local/include"     -O2 -Wall  -mtune=core2 -c which.cpp -o which.o
g++ -m32 -shared -s -static-libgcc -o MOCK.dll tmp.def RcppExports.o binSearch.o connectivity.o crossover.o decode.o deviation.o dominates.o euclideanDistance.o fastNonDominatedSortingC.o initialization.o mockFunctionC.o mutate.o tournamentSelection.o which.o -Ld:/RCompile/CRANpkg/extralibs64/local/lib/i386 -Ld:/RCompile/CRANpkg/extralibs64/local/lib -LC:/PROGRA~1/R/R-31~1.2/bin/i386 -lR
installing to C:/Users/DENNIS~1/DOCUME~1/MOCK-P~1/MOCK~1.RCH/MOCK/libs/i386

*** arch - x64
g++ -m64 -I"C:/PROGRA~1/R/R-31~1.2/include" -DNDEBUG    -I"C:/Users/Dennis Assenmacher/Documents/R/win-library/3.1/Rcpp/include" -I"d:/RCompile/CRANpkg/extralibs64/local/include"     -O2 -Wall  -mtune=core2 -c RcppExports.cpp -o RcppExports.o
g++ -m64 -I"C:/PROGRA~1/R/R-31~1.2/include" -DNDEBUG    -I"C:/Users/Dennis Assenmacher/Documents/R/win-library/3.1/Rcpp/include" -I"d:/RCompile/CRANpkg/extralibs64/local/include"     -O2 -Wall  -mtune=core2 -c binSearch.cpp -o binSearch.o
g++ -m64 -I"C:/PROGRA~1/R/R-31~1.2/include" -DNDEBUG    -I"C:/Users/Dennis Assenmacher/Documents/R/win-library/3.1/Rcpp/include" -I"d:/RCompile/CRANpkg/extralibs64/local/include"     -O2 -Wall  -mtune=core2 -c connectivity.cpp -o connectivity.o
g++ -m64 -I"C:/PROGRA~1/R/R-31~1.2/include" -DNDEBUG    -I"C:/Users/Dennis Assenmacher/Documents/R/win-library/3.1/Rcpp/include" -I"d:/RCompile/CRANpkg/extralibs64/local/include"     -O2 -Wall  -mtune=core2 -c crossover.cpp -o crossover.o
g++ -m64 -I"C:/PROGRA~1/R/R-31~1.2/include" -DNDEBUG    -I"C:/Users/Dennis Assenmacher/Documents/R/win-library/3.1/Rcpp/include" -I"d:/RCompile/CRANpkg/extralibs64/local/include"     -O2 -Wall  -mtune=core2 -c decode.cpp -o decode.o
g++ -m64 -I"C:/PROGRA~1/R/R-31~1.2/include" -DNDEBUG    -I"C:/Users/Dennis Assenmacher/Documents/R/win-library/3.1/Rcpp/include" -I"d:/RCompile/CRANpkg/extralibs64/local/include"     -O2 -Wall  -mtune=core2 -c deviation.cpp -o deviation.o
g++ -m64 -I"C:/PROGRA~1/R/R-31~1.2/include" -DNDEBUG    -I"C:/Users/Dennis Assenmacher/Documents/R/win-library/3.1/Rcpp/include" -I"d:/RCompile/CRANpkg/extralibs64/local/include"     -O2 -Wall  -mtune=core2 -c dominates.cpp -o dominates.o
g++ -m64 -I"C:/PROGRA~1/R/R-31~1.2/include" -DNDEBUG    -I"C:/Users/Dennis Assenmacher/Documents/R/win-library/3.1/Rcpp/include" -I"d:/RCompile/CRANpkg/extralibs64/local/include"     -O2 -Wall  -mtune=core2 -c euclideanDistance.cpp -o euclideanDistance.o
g++ -m64 -I"C:/PROGRA~1/R/R-31~1.2/include" -DNDEBUG    -I"C:/Users/Dennis Assenmacher/Documents/R/win-library/3.1/Rcpp/include" -I"d:/RCompile/CRANpkg/extralibs64/local/include"     -O2 -Wall  -mtune=core2 -c fastNonDominatedSortingC.cpp -o fastNonDominatedSortingC.o
g++ -m64 -I"C:/PROGRA~1/R/R-31~1.2/include" -DNDEBUG    -I"C:/Users/Dennis Assenmacher/Documents/R/win-library/3.1/Rcpp/include" -I"d:/RCompile/CRANpkg/extralibs64/local/include"     -O2 -Wall  -mtune=core2 -c initialization.cpp -o initialization.o
g++ -m64 -I"C:/PROGRA~1/R/R-31~1.2/include" -DNDEBUG    -I"C:/Users/Dennis Assenmacher/Documents/R/win-library/3.1/Rcpp/include" -I"d:/RCompile/CRANpkg/extralibs64/local/include"     -O2 -Wall  -mtune=core2 -c mockFunctionC.cpp -o mockFunctionC.o
g++ -m64 -I"C:/PROGRA~1/R/R-31~1.2/include" -DNDEBUG    -I"C:/Users/Dennis Assenmacher/Documents/R/win-library/3.1/Rcpp/include" -I"d:/RCompile/CRANpkg/extralibs64/local/include"     -O2 -Wall  -mtune=core2 -c mutate.cpp -o mutate.o
g++ -m64 -I"C:/PROGRA~1/R/R-31~1.2/include" -DNDEBUG    -I"C:/Users/Dennis Assenmacher/Documents/R/win-library/3.1/Rcpp/include" -I"d:/RCompile/CRANpkg/extralibs64/local/include"     -O2 -Wall  -mtune=core2 -c tournamentSelection.cpp -o tournamentSelection.o
tournamentSelection.cpp: In function 'Rcpp::IntegerMatrix tournamentSelectionC(Rcpp::IntegerMatrix, int, Rcpp::IntegerMatrix, Rcpp::Function)':
tournamentSelection.cpp:33:7: warning: unused variable 'popSize' [-Wunused-variable]
g++ -m64 -I"C:/PROGRA~1/R/R-31~1.2/include" -DNDEBUG    -I"C:/Users/Dennis Assenmacher/Documents/R/win-library/3.1/Rcpp/include" -I"d:/RCompile/CRANpkg/extralibs64/local/include"     -O2 -Wall  -mtune=core2 -c which.cpp -o which.o
g++ -m64 -shared -s -static-libgcc -o MOCK.dll tmp.def RcppExports.o binSearch.o connectivity.o crossover.o decode.o deviation.o dominates.o euclideanDistance.o fastNonDominatedSortingC.o initialization.o mockFunctionC.o mutate.o tournamentSelection.o which.o -Ld:/RCompile/CRANpkg/extralibs64/local/lib/x64 -Ld:/RCompile/CRANpkg/extralibs64/local/lib -LC:/PROGRA~1/R/R-31~1.2/bin/x64 -lR
installing to C:/Users/DENNIS~1/DOCUME~1/MOCK-P~1/MOCK~1.RCH/MOCK/libs/x64
** R
** data
** preparing package for lazy loading
Warnung: package 'ggthemes' was built under R version 3.1.3
Warnung: package 'ggplot2' was built under R version 3.1.3
** help
Warnung: C:/Users/Dennis Assenmacher/Documents/MOCK-PESA-II/MOCK.Rcheck/00_pkg_src/MOCK/man/MOCK-package.Rd:30: All text must be in a section
Warnung: C:/Users/Dennis Assenmacher/Documents/MOCK-PESA-II/MOCK.Rcheck/00_pkg_src/MOCK/man/MOCK-package.Rd:31: All text must be in a section
*** installing help indices
** building package indices
** testing if installed package can be loaded
*** arch - i386
Warnung: package 'ggthemes' was built under R version 3.1.3
Warnung: package 'ggplot2' was built under R version 3.1.3
*** arch - x64
Warnung: package 'ggthemes' was built under R version 3.1.3
Warnung: package 'ggplot2' was built under R version 3.1.3
* DONE (MOCK)
